<?xml version="1.0" encoding="UTF-8"?>
<!-- Generated by org.testng.reporters.JUnitReportReporter -->
<testsuite hostname="NABEELBB14" failures="0" tests="1" name="September.MavenSeptember2024.Loan" time="0.001" errors="0" timestamp="2024-09-26T08:37:37 GMT-07:00" skipped="0">
  <testcase classname="September.MavenSeptember2024.Loan" name="loanTest1" time="0.001"/>
</testsuite> <!-- September.MavenSeptember2024.Loan -->
