<?xml version="1.0" encoding="UTF-8"?>
<!-- Generated by org.testng.reporters.JUnitReportReporter -->
<testsuite hostname="NABEELBB14" failures="0" tests="1" name="September.MavenSeptember2024.Car" time="0.002" errors="0" timestamp="2024-09-26T09:12:31 GMT-07:00" skipped="0">
  <testcase classname="September.MavenSeptember2024.Car" name="carTest1" time="0.002"/>
</testsuite> <!-- September.MavenSeptember2024.Car -->
