<?xml version="1.0" encoding="UTF-8"?>
<!-- Generated by org.testng.reporters.JUnitReportReporter -->
<testsuite hostname="NABEELBB14" failures="0" tests="1" name="September.MavenSeptember2024.BankTest" time="0.006" errors="0" timestamp="2024-09-26T09:12:31 GMT-07:00" skipped="0">
  <testcase classname="September.MavenSeptember2024.BankTest" name="bankTest1" time="0.006"/>
</testsuite> <!-- September.MavenSeptember2024.BankTest -->
