<?xml version="1.0" encoding="UTF-8"?>
<!-- Generated by org.testng.reporters.JUnitReportReporter -->
<testsuite hostname="Mac.home" failures="0" tests="3" name="TestClasses.standAloneTest" time="66.932" errors="0" timestamp="2024-09-30T09:47:06 PDT" skipped="0">
  <testcase classname="TestClasses.standAloneTest" name="positiveTest" time="23.543"/>
  <testcase classname="TestClasses.standAloneTest" name="positiveTest" time="24.619"/>
  <testcase classname="TestClasses.standAloneTest" name="verifyOrderPresent" time="18.770"/>
</testsuite> <!-- TestClasses.standAloneTest -->
